c:\users\nino_\onedrive\documents\github-repository\gdintai-repository\2d-snake-game\sfmlproject_1\x64\debug\vc142.pdb
c:\users\nino_\onedrive\documents\github-repository\gdintai-repository\2d-snake-game\sfmlproject_1\x64\debug\vc142.idb
c:\users\nino_\onedrive\documents\github-repository\gdintai-repository\2d-snake-game\sfmlproject_1\x64\debug\stateman.obj
c:\users\nino_\onedrive\documents\github-repository\gdintai-repository\2d-snake-game\sfmlproject_1\x64\debug\main.obj
c:\users\nino_\onedrive\documents\github-repository\gdintai-repository\2d-snake-game\sfmlproject_1\x64\debug\snake.obj
c:\users\nino_\onedrive\documents\github-repository\gdintai-repository\2d-snake-game\sfmlproject_1\x64\debug\pausegame.obj
c:\users\nino_\onedrive\documents\github-repository\gdintai-repository\2d-snake-game\sfmlproject_1\x64\debug\mainmenu.obj
c:\users\nino_\onedrive\documents\github-repository\gdintai-repository\2d-snake-game\sfmlproject_1\x64\debug\gameplay.obj
c:\users\nino_\onedrive\documents\github-repository\gdintai-repository\2d-snake-game\sfmlproject_1\x64\debug\gameover.obj
c:\users\nino_\onedrive\documents\github-repository\gdintai-repository\2d-snake-game\sfmlproject_1\x64\debug\game.obj
c:\users\nino_\onedrive\documents\github-repository\gdintai-repository\2d-snake-game\sfmlproject_1\x64\debug\assetman.obj
c:\users\nino_\onedrive\documents\github-repository\gdintai-repository\2d-snake-game\sfmlproject_1\x64\debug\sfmlproject_1.pdb
c:\users\nino_\onedrive\documents\github-repository\gdintai-repository\2d-snake-game\sfmlproject_1\x64\debug\sfmlproject_1.tlog\cl.command.1.tlog
c:\users\nino_\onedrive\documents\github-repository\gdintai-repository\2d-snake-game\sfmlproject_1\x64\debug\sfmlproject_1.tlog\cl.read.1.tlog
c:\users\nino_\onedrive\documents\github-repository\gdintai-repository\2d-snake-game\sfmlproject_1\x64\debug\sfmlproject_1.tlog\cl.write.1.tlog
c:\users\nino_\onedrive\documents\github-repository\gdintai-repository\2d-snake-game\sfmlproject_1\x64\debug\sfmlproject_1.tlog\link-cvtres.read.1.tlog
c:\users\nino_\onedrive\documents\github-repository\gdintai-repository\2d-snake-game\sfmlproject_1\x64\debug\sfmlproject_1.tlog\link-cvtres.write.1.tlog
c:\users\nino_\onedrive\documents\github-repository\gdintai-repository\2d-snake-game\sfmlproject_1\x64\debug\sfmlproject_1.tlog\link-rc.read.1.tlog
c:\users\nino_\onedrive\documents\github-repository\gdintai-repository\2d-snake-game\sfmlproject_1\x64\debug\sfmlproject_1.tlog\link-rc.write.1.tlog
c:\users\nino_\onedrive\documents\github-repository\gdintai-repository\2d-snake-game\sfmlproject_1\x64\debug\sfmlproject_1.tlog\link.command.1.tlog
c:\users\nino_\onedrive\documents\github-repository\gdintai-repository\2d-snake-game\sfmlproject_1\x64\debug\sfmlproject_1.tlog\link.read.1.tlog
c:\users\nino_\onedrive\documents\github-repository\gdintai-repository\2d-snake-game\sfmlproject_1\x64\debug\sfmlproject_1.tlog\link.write.1.tlog
