cl : command line warning D9002: ignoring unknown option '/std:c++latest;'
cl : command line warning D9002: ignoring unknown option '/std:c++14;'
  AssetMan.cpp
  Game.cpp
  GameOver.cpp
C:\Users\nino_\OneDrive\Documents\GitHub-Repository\GDINTAI-Repository\2D-Snake-Game\SFMLProject_1\src\GameOver.cpp(24,66): warning C4244: 'argument': conversion from 'T' to 'float', possible loss of data
          with
          [
              T=unsigned int
          ]
C:\Users\nino_\OneDrive\Documents\GitHub-Repository\GDINTAI-Repository\2D-Snake-Game\SFMLProject_1\src\GameOver.cpp(32,64): warning C4244: 'argument': conversion from 'T' to 'float', possible loss of data
          with
          [
              T=unsigned int
          ]
C:\Users\nino_\OneDrive\Documents\GitHub-Repository\GDINTAI-Repository\2D-Snake-Game\SFMLProject_1\src\GameOver.cpp(41,63): warning C4244: 'argument': conversion from 'T' to 'float', possible loss of data
          with
          [
              T=unsigned int
          ]
  GamePlay.cpp
C:\Users\nino_\OneDrive\Documents\GitHub-Repository\GDINTAI-Repository\2D-Snake-Game\SFMLProject_1\src\GamePlay.cpp(22,15): warning C4244: 'argument': conversion from 'time_t' to 'unsigned int', possible loss of data
C:\Users\nino_\OneDrive\Documents\GitHub-Repository\GDINTAI-Repository\2D-Snake-Game\SFMLProject_1\src\GamePlay.cpp(46,64): warning C4244: 'argument': conversion from 'T' to 'float', possible loss of data
          with
          [
              T=unsigned int
          ]
C:\Users\nino_\OneDrive\Documents\GitHub-Repository\GDINTAI-Repository\2D-Snake-Game\SFMLProject_1\src\GamePlay.cpp(50,61): warning C4244: 'argument': conversion from 'T' to 'float', possible loss of data
          with
          [
              T=unsigned int
          ]
C:\Users\nino_\OneDrive\Documents\GitHub-Repository\GDINTAI-Repository\2D-Snake-Game\SFMLProject_1\src\GamePlay.cpp(53,95): warning C4244: 'argument': conversion from 'T' to 'float', possible loss of data
          with
          [
              T=unsigned int
          ]
C:\Users\nino_\OneDrive\Documents\GitHub-Repository\GDINTAI-Repository\2D-Snake-Game\SFMLProject_1\src\GamePlay.cpp(53,57): warning C4244: 'argument': conversion from 'T' to 'float', possible loss of data
          with
          [
              T=unsigned int
          ]
C:\Users\nino_\OneDrive\Documents\GitHub-Repository\GDINTAI-Repository\2D-Snake-Game\SFMLProject_1\src\GamePlay.cpp(130,39): warning C4244: 'argument': conversion from 'int' to 'float', possible loss of data
C:\Users\nino_\OneDrive\Documents\GitHub-Repository\GDINTAI-Repository\2D-Snake-Game\SFMLProject_1\src\GamePlay.cpp(130,36): warning C4244: 'argument': conversion from 'int' to 'float', possible loss of data
  main.cpp
  MainMenu.cpp
C:\Users\nino_\OneDrive\Documents\GitHub-Repository\GDINTAI-Repository\2D-Snake-Game\SFMLProject_1\src\MainMenu.cpp(26,62): warning C4244: 'argument': conversion from 'T' to 'float', possible loss of data
          with
          [
              T=unsigned int
          ]
C:\Users\nino_\OneDrive\Documents\GitHub-Repository\GDINTAI-Repository\2D-Snake-Game\SFMLProject_1\src\MainMenu.cpp(34,63): warning C4244: 'argument': conversion from 'T' to 'float', possible loss of data
          with
          [
              T=unsigned int
          ]
C:\Users\nino_\OneDrive\Documents\GitHub-Repository\GDINTAI-Repository\2D-Snake-Game\SFMLProject_1\src\MainMenu.cpp(43,63): warning C4244: 'argument': conversion from 'T' to 'float', possible loss of data
          with
          [
              T=unsigned int
          ]
  PauseGame.cpp
C:\Users\nino_\OneDrive\Documents\GitHub-Repository\GDINTAI-Repository\2D-Snake-Game\SFMLProject_1\src\PauseGame.cpp(22,63): warning C4244: 'argument': conversion from 'T' to 'float', possible loss of data
          with
          [
              T=unsigned int
          ]
C:\Users\nino_\OneDrive\Documents\GitHub-Repository\GDINTAI-Repository\2D-Snake-Game\SFMLProject_1\src\PauseGame.cpp(21,63): warning C4244: 'argument': conversion from 'T' to 'float', possible loss of data
          with
          [
              T=unsigned int
          ]
  Snake.cpp
  StateMan.cpp
  Generating Code...
sfml-window-s.lib(VideoMode.cpp.obj) : error LNK2038: mismatch detected for '_ITERATOR_DEBUG_LEVEL': value '0' doesn't match value '2' in AssetMan.obj
sfml-window-s.lib(VideoMode.cpp.obj) : error LNK2038: mismatch detected for 'RuntimeLibrary': value 'MD_DynamicRelease' doesn't match value 'MDd_DynamicDebug' in AssetMan.obj
sfml-window-s.lib(Window.cpp.obj) : error LNK2038: mismatch detected for '_ITERATOR_DEBUG_LEVEL': value '0' doesn't match value '2' in AssetMan.obj
sfml-window-s.lib(Window.cpp.obj) : error LNK2038: mismatch detected for 'RuntimeLibrary': value 'MD_DynamicRelease' doesn't match value 'MDd_DynamicDebug' in AssetMan.obj
sfml-window-s.lib(VideoModeImpl.cpp.obj) : error LNK2038: mismatch detected for '_ITERATOR_DEBUG_LEVEL': value '0' doesn't match value '2' in AssetMan.obj
sfml-window-s.lib(VideoModeImpl.cpp.obj) : error LNK2038: mismatch detected for 'RuntimeLibrary': value 'MD_DynamicRelease' doesn't match value 'MDd_DynamicDebug' in AssetMan.obj
sfml-window-s.lib(GlContext.cpp.obj) : error LNK2038: mismatch detected for '_ITERATOR_DEBUG_LEVEL': value '0' doesn't match value '2' in AssetMan.obj
sfml-window-s.lib(GlContext.cpp.obj) : error LNK2038: mismatch detected for 'RuntimeLibrary': value 'MD_DynamicRelease' doesn't match value 'MDd_DynamicDebug' in AssetMan.obj
sfml-window-s.lib(WindowImpl.cpp.obj) : error LNK2038: mismatch detected for '_ITERATOR_DEBUG_LEVEL': value '0' doesn't match value '2' in AssetMan.obj
sfml-window-s.lib(WindowImpl.cpp.obj) : error LNK2038: mismatch detected for 'RuntimeLibrary': value 'MD_DynamicRelease' doesn't match value 'MDd_DynamicDebug' in AssetMan.obj
sfml-window-s.lib(CursorImpl.cpp.obj) : error LNK2038: mismatch detected for '_ITERATOR_DEBUG_LEVEL': value '0' doesn't match value '2' in AssetMan.obj
sfml-window-s.lib(CursorImpl.cpp.obj) : error LNK2038: mismatch detected for 'RuntimeLibrary': value 'MD_DynamicRelease' doesn't match value 'MDd_DynamicDebug' in AssetMan.obj
sfml-window-s.lib(WglContext.cpp.obj) : error LNK2038: mismatch detected for '_ITERATOR_DEBUG_LEVEL': value '0' doesn't match value '2' in AssetMan.obj
sfml-window-s.lib(WglContext.cpp.obj) : error LNK2038: mismatch detected for 'RuntimeLibrary': value 'MD_DynamicRelease' doesn't match value 'MDd_DynamicDebug' in AssetMan.obj
sfml-window-s.lib(JoystickManager.cpp.obj) : error LNK2038: mismatch detected for '_ITERATOR_DEBUG_LEVEL': value '0' doesn't match value '2' in AssetMan.obj
sfml-window-s.lib(JoystickManager.cpp.obj) : error LNK2038: mismatch detected for 'RuntimeLibrary': value 'MD_DynamicRelease' doesn't match value 'MDd_DynamicDebug' in AssetMan.obj
sfml-window-s.lib(SensorManager.cpp.obj) : error LNK2038: mismatch detected for '_ITERATOR_DEBUG_LEVEL': value '0' doesn't match value '2' in AssetMan.obj
sfml-window-s.lib(SensorManager.cpp.obj) : error LNK2038: mismatch detected for 'RuntimeLibrary': value 'MD_DynamicRelease' doesn't match value 'MDd_DynamicDebug' in AssetMan.obj
sfml-window-s.lib(WindowImplWin32.cpp.obj) : error LNK2038: mismatch detected for '_ITERATOR_DEBUG_LEVEL': value '0' doesn't match value '2' in AssetMan.obj
sfml-window-s.lib(WindowImplWin32.cpp.obj) : error LNK2038: mismatch detected for 'RuntimeLibrary': value 'MD_DynamicRelease' doesn't match value 'MDd_DynamicDebug' in AssetMan.obj
sfml-window-s.lib(WglExtensions.cpp.obj) : error LNK2038: mismatch detected for '_ITERATOR_DEBUG_LEVEL': value '0' doesn't match value '2' in AssetMan.obj
sfml-window-s.lib(WglExtensions.cpp.obj) : error LNK2038: mismatch detected for 'RuntimeLibrary': value 'MD_DynamicRelease' doesn't match value 'MDd_DynamicDebug' in AssetMan.obj
sfml-window-s.lib(Joystick.cpp.obj) : error LNK2038: mismatch detected for '_ITERATOR_DEBUG_LEVEL': value '0' doesn't match value '2' in AssetMan.obj
sfml-window-s.lib(Joystick.cpp.obj) : error LNK2038: mismatch detected for 'RuntimeLibrary': value 'MD_DynamicRelease' doesn't match value 'MDd_DynamicDebug' in AssetMan.obj
sfml-window-s.lib(JoystickImpl.cpp.obj) : error LNK2038: mismatch detected for '_ITERATOR_DEBUG_LEVEL': value '0' doesn't match value '2' in AssetMan.obj
sfml-window-s.lib(JoystickImpl.cpp.obj) : error LNK2038: mismatch detected for 'RuntimeLibrary': value 'MD_DynamicRelease' doesn't match value 'MDd_DynamicDebug' in AssetMan.obj
sfml-system-s.lib(String.cpp.obj) : error LNK2038: mismatch detected for '_ITERATOR_DEBUG_LEVEL': value '0' doesn't match value '2' in AssetMan.obj
sfml-system-s.lib(String.cpp.obj) : error LNK2038: mismatch detected for 'RuntimeLibrary': value 'MD_DynamicRelease' doesn't match value 'MDd_DynamicDebug' in AssetMan.obj
sfml-system-s.lib(Err.cpp.obj) : error LNK2038: mismatch detected for '_ITERATOR_DEBUG_LEVEL': value '0' doesn't match value '2' in AssetMan.obj
sfml-system-s.lib(Err.cpp.obj) : error LNK2038: mismatch detected for 'RuntimeLibrary': value 'MD_DynamicRelease' doesn't match value 'MDd_DynamicDebug' in AssetMan.obj
sfml-graphics-s.lib(Texture.cpp.obj) : error LNK2038: mismatch detected for '_ITERATOR_DEBUG_LEVEL': value '0' doesn't match value '2' in AssetMan.obj
sfml-graphics-s.lib(Texture.cpp.obj) : error LNK2038: mismatch detected for 'RuntimeLibrary': value 'MD_DynamicRelease' doesn't match value 'MDd_DynamicDebug' in AssetMan.obj
sfml-graphics-s.lib(Font.cpp.obj) : error LNK2038: mismatch detected for '_ITERATOR_DEBUG_LEVEL': value '0' doesn't match value '2' in AssetMan.obj
sfml-graphics-s.lib(Font.cpp.obj) : error LNK2038: mismatch detected for 'RuntimeLibrary': value 'MD_DynamicRelease' doesn't match value 'MDd_DynamicDebug' in AssetMan.obj
sfml-graphics-s.lib(Shape.cpp.obj) : error LNK2038: mismatch detected for '_ITERATOR_DEBUG_LEVEL': value '0' doesn't match value '2' in AssetMan.obj
sfml-graphics-s.lib(Shape.cpp.obj) : error LNK2038: mismatch detected for 'RuntimeLibrary': value 'MD_DynamicRelease' doesn't match value 'MDd_DynamicDebug' in AssetMan.obj
sfml-graphics-s.lib(CircleShape.cpp.obj) : error LNK2038: mismatch detected for '_ITERATOR_DEBUG_LEVEL': value '0' doesn't match value '2' in AssetMan.obj
sfml-graphics-s.lib(CircleShape.cpp.obj) : error LNK2038: mismatch detected for 'RuntimeLibrary': value 'MD_DynamicRelease' doesn't match value 'MDd_DynamicDebug' in AssetMan.obj
sfml-graphics-s.lib(RenderWindow.cpp.obj) : error LNK2038: mismatch detected for '_ITERATOR_DEBUG_LEVEL': value '0' doesn't match value '2' in AssetMan.obj
sfml-graphics-s.lib(RenderWindow.cpp.obj) : error LNK2038: mismatch detected for 'RuntimeLibrary': value 'MD_DynamicRelease' doesn't match value 'MDd_DynamicDebug' in AssetMan.obj
sfml-graphics-s.lib(Color.cpp.obj) : error LNK2038: mismatch detected for '_ITERATOR_DEBUG_LEVEL': value '0' doesn't match value '2' in AssetMan.obj
sfml-graphics-s.lib(Color.cpp.obj) : error LNK2038: mismatch detected for 'RuntimeLibrary': value 'MD_DynamicRelease' doesn't match value 'MDd_DynamicDebug' in AssetMan.obj
sfml-graphics-s.lib(Transformable.cpp.obj) : error LNK2038: mismatch detected for '_ITERATOR_DEBUG_LEVEL': value '0' doesn't match value '2' in AssetMan.obj
sfml-graphics-s.lib(Transformable.cpp.obj) : error LNK2038: mismatch detected for 'RuntimeLibrary': value 'MD_DynamicRelease' doesn't match value 'MDd_DynamicDebug' in AssetMan.obj
sfml-graphics-s.lib(Text.cpp.obj) : error LNK2038: mismatch detected for '_ITERATOR_DEBUG_LEVEL': value '0' doesn't match value '2' in AssetMan.obj
sfml-graphics-s.lib(Text.cpp.obj) : error LNK2038: mismatch detected for 'RuntimeLibrary': value 'MD_DynamicRelease' doesn't match value 'MDd_DynamicDebug' in AssetMan.obj
sfml-graphics-s.lib(RenderTarget.cpp.obj) : error LNK2038: mismatch detected for '_ITERATOR_DEBUG_LEVEL': value '0' doesn't match value '2' in AssetMan.obj
sfml-graphics-s.lib(RenderTarget.cpp.obj) : error LNK2038: mismatch detected for 'RuntimeLibrary': value 'MD_DynamicRelease' doesn't match value 'MDd_DynamicDebug' in AssetMan.obj
sfml-graphics-s.lib(RenderStates.cpp.obj) : error LNK2038: mismatch detected for '_ITERATOR_DEBUG_LEVEL': value '0' doesn't match value '2' in AssetMan.obj
sfml-graphics-s.lib(RenderStates.cpp.obj) : error LNK2038: mismatch detected for 'RuntimeLibrary': value 'MD_DynamicRelease' doesn't match value 'MDd_DynamicDebug' in AssetMan.obj
sfml-graphics-s.lib(Sprite.cpp.obj) : error LNK2038: mismatch detected for '_ITERATOR_DEBUG_LEVEL': value '0' doesn't match value '2' in AssetMan.obj
sfml-graphics-s.lib(Sprite.cpp.obj) : error LNK2038: mismatch detected for 'RuntimeLibrary': value 'MD_DynamicRelease' doesn't match value 'MDd_DynamicDebug' in AssetMan.obj
sfml-graphics-s.lib(Image.cpp.obj) : error LNK2038: mismatch detected for '_ITERATOR_DEBUG_LEVEL': value '0' doesn't match value '2' in AssetMan.obj
sfml-graphics-s.lib(Image.cpp.obj) : error LNK2038: mismatch detected for 'RuntimeLibrary': value 'MD_DynamicRelease' doesn't match value 'MDd_DynamicDebug' in AssetMan.obj
sfml-graphics-s.lib(GLExtensions.cpp.obj) : error LNK2038: mismatch detected for '_ITERATOR_DEBUG_LEVEL': value '0' doesn't match value '2' in AssetMan.obj
sfml-graphics-s.lib(GLExtensions.cpp.obj) : error LNK2038: mismatch detected for 'RuntimeLibrary': value 'MD_DynamicRelease' doesn't match value 'MDd_DynamicDebug' in AssetMan.obj
sfml-graphics-s.lib(Transform.cpp.obj) : error LNK2038: mismatch detected for '_ITERATOR_DEBUG_LEVEL': value '0' doesn't match value '2' in AssetMan.obj
sfml-graphics-s.lib(Transform.cpp.obj) : error LNK2038: mismatch detected for 'RuntimeLibrary': value 'MD_DynamicRelease' doesn't match value 'MDd_DynamicDebug' in AssetMan.obj
sfml-graphics-s.lib(VertexArray.cpp.obj) : error LNK2038: mismatch detected for '_ITERATOR_DEBUG_LEVEL': value '0' doesn't match value '2' in AssetMan.obj
sfml-graphics-s.lib(VertexArray.cpp.obj) : error LNK2038: mismatch detected for 'RuntimeLibrary': value 'MD_DynamicRelease' doesn't match value 'MDd_DynamicDebug' in AssetMan.obj
sfml-graphics-s.lib(RenderTextureImplFBO.cpp.obj) : error LNK2038: mismatch detected for '_ITERATOR_DEBUG_LEVEL': value '0' doesn't match value '2' in AssetMan.obj
sfml-graphics-s.lib(RenderTextureImplFBO.cpp.obj) : error LNK2038: mismatch detected for 'RuntimeLibrary': value 'MD_DynamicRelease' doesn't match value 'MDd_DynamicDebug' in AssetMan.obj
sfml-graphics-s.lib(View.cpp.obj) : error LNK2038: mismatch detected for '_ITERATOR_DEBUG_LEVEL': value '0' doesn't match value '2' in AssetMan.obj
sfml-graphics-s.lib(View.cpp.obj) : error LNK2038: mismatch detected for 'RuntimeLibrary': value 'MD_DynamicRelease' doesn't match value 'MDd_DynamicDebug' in AssetMan.obj
sfml-graphics-s.lib(Shader.cpp.obj) : error LNK2038: mismatch detected for '_ITERATOR_DEBUG_LEVEL': value '0' doesn't match value '2' in AssetMan.obj
sfml-graphics-s.lib(Shader.cpp.obj) : error LNK2038: mismatch detected for 'RuntimeLibrary': value 'MD_DynamicRelease' doesn't match value 'MDd_DynamicDebug' in AssetMan.obj
sfml-graphics-s.lib(VertexBuffer.cpp.obj) : error LNK2038: mismatch detected for '_ITERATOR_DEBUG_LEVEL': value '0' doesn't match value '2' in AssetMan.obj
sfml-graphics-s.lib(VertexBuffer.cpp.obj) : error LNK2038: mismatch detected for 'RuntimeLibrary': value 'MD_DynamicRelease' doesn't match value 'MDd_DynamicDebug' in AssetMan.obj
sfml-graphics-s.lib(ImageLoader.cpp.obj) : error LNK2038: mismatch detected for '_ITERATOR_DEBUG_LEVEL': value '0' doesn't match value '2' in AssetMan.obj
sfml-graphics-s.lib(ImageLoader.cpp.obj) : error LNK2038: mismatch detected for 'RuntimeLibrary': value 'MD_DynamicRelease' doesn't match value 'MDd_DynamicDebug' in AssetMan.obj
sfml-graphics-s.lib(Glsl.cpp.obj) : error LNK2038: mismatch detected for '_ITERATOR_DEBUG_LEVEL': value '0' doesn't match value '2' in AssetMan.obj
sfml-graphics-s.lib(Glsl.cpp.obj) : error LNK2038: mismatch detected for 'RuntimeLibrary': value 'MD_DynamicRelease' doesn't match value 'MDd_DynamicDebug' in AssetMan.obj
LINK : warning LNK4098: defaultlib 'MSVCRT' conflicts with use of other libs; use /NODEFAULTLIB:library
sfml-window-s.lib(VideoModeImpl.cpp.obj) : error LNK2019: unresolved external symbol __imp_EnumDisplaySettingsW referenced in function "public: static class sf::VideoMode __cdecl sf::priv::VideoModeImpl::getDesktopMode(void)" (?getDesktopMode@VideoModeImpl@priv@sf@@SA?AVVideoMode@3@XZ)
sfml-window-s.lib(CursorImpl.cpp.obj) : error LNK2019: unresolved external symbol __imp_GetDC referenced in function "public: bool __cdecl sf::priv::CursorImpl::loadFromPixels(unsigned char const *,class sf::Vector2<unsigned int>,class sf::Vector2<unsigned int>)" (?loadFromPixels@CursorImpl@priv@sf@@QEAA_NPEBEV?$Vector2@I@3@1@Z)
sfml-window-s.lib(WglContext.cpp.obj) : error LNK2001: unresolved external symbol __imp_GetDC
sfml-window-s.lib(WindowImplWin32.cpp.obj) : error LNK2001: unresolved external symbol __imp_GetDC
sfml-window-s.lib(CursorImpl.cpp.obj) : error LNK2019: unresolved external symbol __imp_ReleaseDC referenced in function "public: bool __cdecl sf::priv::CursorImpl::loadFromPixels(unsigned char const *,class sf::Vector2<unsigned int>,class sf::Vector2<unsigned int>)" (?loadFromPixels@CursorImpl@priv@sf@@QEAA_NPEBEV?$Vector2@I@3@1@Z)
sfml-window-s.lib(WglContext.cpp.obj) : error LNK2001: unresolved external symbol __imp_ReleaseDC
sfml-window-s.lib(WindowImplWin32.cpp.obj) : error LNK2001: unresolved external symbol __imp_ReleaseDC
sfml-window-s.lib(CursorImpl.cpp.obj) : error LNK2019: unresolved external symbol __imp_LoadCursorW referenced in function "public: bool __cdecl sf::priv::CursorImpl::loadFromSystem(enum sf::Cursor::Type)" (?loadFromSystem@CursorImpl@priv@sf@@QEAA_NW4Type@Cursor@3@@Z)
sfml-window-s.lib(WindowImplWin32.cpp.obj) : error LNK2001: unresolved external symbol __imp_LoadCursorW
sfml-window-s.lib(CursorImpl.cpp.obj) : error LNK2019: unresolved external symbol __imp_DestroyCursor referenced in function "public: __cdecl sf::priv::CursorImpl::~CursorImpl(void)" (??1CursorImpl@priv@sf@@QEAA@XZ)
sfml-window-s.lib(CursorImpl.cpp.obj) : error LNK2019: unresolved external symbol __imp_CreateIconIndirect referenced in function "public: bool __cdecl sf::priv::CursorImpl::loadFromPixels(unsigned char const *,class sf::Vector2<unsigned int>,class sf::Vector2<unsigned int>)" (?loadFromPixels@CursorImpl@priv@sf@@QEAA_NPEBEV?$Vector2@I@3@1@Z)
sfml-window-s.lib(CursorImpl.cpp.obj) : error LNK2019: unresolved external symbol __imp_CopyIcon referenced in function "public: bool __cdecl sf::priv::CursorImpl::loadFromSystem(enum sf::Cursor::Type)" (?loadFromSystem@CursorImpl@priv@sf@@QEAA_NW4Type@Cursor@3@@Z)
sfml-window-s.lib(WglContext.cpp.obj) : error LNK2019: unresolved external symbol __imp_CreateWindowExA referenced in function "private: void __cdecl sf::priv::WglContext::createSurface(class sf::priv::WglContext *,unsigned int,unsigned int,unsigned int)" (?createSurface@WglContext@priv@sf@@AEAAXPEAV123@III@Z)
sfml-window-s.lib(WglContext.cpp.obj) : error LNK2019: unresolved external symbol __imp_DestroyWindow referenced in function "public: virtual __cdecl sf::priv::WglContext::~WglContext(void)" (??1WglContext@priv@sf@@UEAA@XZ)
sfml-window-s.lib(WindowImplWin32.cpp.obj) : error LNK2001: unresolved external symbol __imp_DestroyWindow
sfml-window-s.lib(WglContext.cpp.obj) : error LNK2019: unresolved external symbol __imp_ShowWindow referenced in function "private: void __cdecl sf::priv::WglContext::createSurface(class sf::priv::WglContext *,unsigned int,unsigned int,unsigned int)" (?createSurface@WglContext@priv@sf@@AEAAXPEAV123@III@Z)
sfml-window-s.lib(WindowImplWin32.cpp.obj) : error LNK2001: unresolved external symbol __imp_ShowWindow
sfml-window-s.lib(WindowImplWin32.cpp.obj) : error LNK2019: unresolved external symbol __imp_TrackMouseEvent referenced in function "private: void __cdecl sf::priv::WindowImplWin32::cleanup(void)" (?cleanup@WindowImplWin32@priv@sf@@AEAAXXZ)
sfml-window-s.lib(WindowImplWin32.cpp.obj) : error LNK2019: unresolved external symbol __imp_TranslateMessage referenced in function "protected: virtual void __cdecl sf::priv::WindowImplWin32::processEvents(void)" (?processEvents@WindowImplWin32@priv@sf@@MEAAXXZ)
sfml-window-s.lib(WindowImplWin32.cpp.obj) : error LNK2019: unresolved external symbol __imp_DispatchMessageW referenced in function "protected: virtual void __cdecl sf::priv::WindowImplWin32::processEvents(void)" (?processEvents@WindowImplWin32@priv@sf@@MEAAXXZ)
sfml-window-s.lib(WindowImplWin32.cpp.obj) : error LNK2019: unresolved external symbol __imp_PeekMessageW referenced in function "protected: virtual void __cdecl sf::priv::WindowImplWin32::processEvents(void)" (?processEvents@WindowImplWin32@priv@sf@@MEAAXXZ)
sfml-window-s.lib(WindowImplWin32.cpp.obj) : error LNK2019: unresolved external symbol __imp_SendMessageW referenced in function "public: virtual void __cdecl sf::priv::WindowImplWin32::setIcon(unsigned int,unsigned int,unsigned char const *)" (?setIcon@WindowImplWin32@priv@sf@@UEAAXIIPEBE@Z)
sfml-window-s.lib(WindowImplWin32.cpp.obj) : error LNK2019: unresolved external symbol __imp_RegisterDeviceNotificationW referenced in function "public: __cdecl sf::priv::WindowImplWin32::WindowImplWin32(class sf::VideoMode,class sf::String const &,unsigned int,struct sf::ContextSettings const &)" (??0WindowImplWin32@priv@sf@@QEAA@VVideoMode@2@AEBVString@2@IAEBUContextSettings@2@@Z)
sfml-window-s.lib(WindowImplWin32.cpp.obj) : error LNK2019: unresolved external symbol __imp_DefWindowProcW referenced in function "private: static __int64 __cdecl sf::priv::WindowImplWin32::globalOnEvent(struct HWND__ *,unsigned int,unsigned __int64,__int64)" (?globalOnEvent@WindowImplWin32@priv@sf@@CA_JPEAUHWND__@@I_K_J@Z)
sfml-window-s.lib(WindowImplWin32.cpp.obj) : error LNK2019: unresolved external symbol __imp_CallWindowProcW referenced in function "private: static __int64 __cdecl sf::priv::WindowImplWin32::globalOnEvent(struct HWND__ *,unsigned int,unsigned __int64,__int64)" (?globalOnEvent@WindowImplWin32@priv@sf@@CA_JPEAUHWND__@@I_K_J@Z)
sfml-window-s.lib(WindowImplWin32.cpp.obj) : error LNK2019: unresolved external symbol __imp_RegisterClassW referenced in function "public: __cdecl sf::priv::WindowImplWin32::WindowImplWin32(class sf::VideoMode,class sf::String const &,unsigned int,struct sf::ContextSettings const &)" (??0WindowImplWin32@priv@sf@@QEAA@VVideoMode@2@AEBVString@2@IAEBUContextSettings@2@@Z)
sfml-window-s.lib(WindowImplWin32.cpp.obj) : error LNK2019: unresolved external symbol __imp_UnregisterClassW referenced in function "public: virtual __cdecl sf::priv::WindowImplWin32::~WindowImplWin32(void)" (??1WindowImplWin32@priv@sf@@UEAA@XZ)
sfml-window-s.lib(WindowImplWin32.cpp.obj) : error LNK2019: unresolved external symbol __imp_CreateWindowExW referenced in function "public: __cdecl sf::priv::WindowImplWin32::WindowImplWin32(class sf::VideoMode,class sf::String const &,unsigned int,struct sf::ContextSettings const &)" (??0WindowImplWin32@priv@sf@@QEAA@VVideoMode@2@AEBVString@2@IAEBUContextSettings@2@@Z)
sfml-window-s.lib(WindowImplWin32.cpp.obj) : error LNK2019: unresolved external symbol __imp_FlashWindowEx referenced in function "public: virtual void __cdecl sf::priv::WindowImplWin32::requestFocus(void)" (?requestFocus@WindowImplWin32@priv@sf@@UEAAXXZ)
sfml-window-s.lib(WindowImplWin32.cpp.obj) : error LNK2019: unresolved external symbol __imp_SetWindowPos referenced in function "public: __cdecl sf::priv::WindowImplWin32::WindowImplWin32(class sf::VideoMode,class sf::String const &,unsigned int,struct sf::ContextSettings const &)" (??0WindowImplWin32@priv@sf@@QEAA@VVideoMode@2@AEBVString@2@IAEBUContextSettings@2@@Z)
sfml-window-s.lib(WindowImplWin32.cpp.obj) : error LNK2019: unresolved external symbol __imp_GetKeyState referenced in function "private: void __cdecl sf::priv::WindowImplWin32::processEvent(unsigned int,unsigned __int64,__int64)" (?processEvent@WindowImplWin32@priv@sf@@AEAAXI_K_J@Z)
sfml-window-s.lib(WindowImplWin32.cpp.obj) : error LNK2019: unresolved external symbol __imp_MapVirtualKeyW referenced in function "private: static enum sf::Keyboard::Key __cdecl sf::priv::WindowImplWin32::virtualKeyCodeToSF(unsigned __int64,__int64)" (?virtualKeyCodeToSF@WindowImplWin32@priv@sf@@CA?AW4Key@Keyboard@3@_K_J@Z)
sfml-window-s.lib(WindowImplWin32.cpp.obj) : error LNK2019: unresolved external symbol __imp_GetCapture referenced in function "private: void __cdecl sf::priv::WindowImplWin32::processEvent(unsigned int,unsigned __int64,__int64)" (?processEvent@WindowImplWin32@priv@sf@@AEAAXI_K_J@Z)
sfml-window-s.lib(WindowImplWin32.cpp.obj) : error LNK2019: unresolved external symbol __imp_SetCapture referenced in function "private: void __cdecl sf::priv::WindowImplWin32::processEvent(unsigned int,unsigned __int64,__int64)" (?processEvent@WindowImplWin32@priv@sf@@AEAAXI_K_J@Z)
sfml-window-s.lib(WindowImplWin32.cpp.obj) : error LNK2019: unresolved external symbol __imp_ReleaseCapture referenced in function "private: void __cdecl sf::priv::WindowImplWin32::cleanup(void)" (?cleanup@WindowImplWin32@priv@sf@@AEAAXXZ)
sfml-window-s.lib(WindowImplWin32.cpp.obj) : error LNK2019: unresolved external symbol __imp_GetForegroundWindow referenced in function "public: virtual bool __cdecl sf::priv::WindowImplWin32::hasFocus(void)const " (?hasFocus@WindowImplWin32@priv@sf@@UEBA_NXZ)
sfml-window-s.lib(WindowImplWin32.cpp.obj) : error LNK2019: unresolved external symbol __imp_SetForegroundWindow referenced in function "public: virtual void __cdecl sf::priv::WindowImplWin32::requestFocus(void)" (?requestFocus@WindowImplWin32@priv@sf@@UEAAXXZ)
sfml-window-s.lib(WindowImplWin32.cpp.obj) : error LNK2019: unresolved external symbol __imp_SetWindowTextW referenced in function "public: virtual void __cdecl sf::priv::WindowImplWin32::setTitle(class sf::String const &)" (?setTitle@WindowImplWin32@priv@sf@@UEAAXAEBVString@3@@Z)
sfml-window-s.lib(WindowImplWin32.cpp.obj) : error LNK2019: unresolved external symbol __imp_GetClientRect referenced in function "public: virtual class sf::Vector2<unsigned int> __cdecl sf::priv::WindowImplWin32::getSize(void)const " (?getSize@WindowImplWin32@priv@sf@@UEBA?AV?$Vector2@I@3@XZ)
sfml-window-s.lib(WindowImplWin32.cpp.obj) : error LNK2019: unresolved external symbol __imp_GetWindowRect referenced in function "public: virtual class sf::Vector2<int> __cdecl sf::priv::WindowImplWin32::getPosition(void)const " (?getPosition@WindowImplWin32@priv@sf@@UEBA?AV?$Vector2@H@3@XZ)
sfml-window-s.lib(WindowImplWin32.cpp.obj) : error LNK2019: unresolved external symbol __imp_AdjustWindowRect referenced in function "public: __cdecl sf::priv::WindowImplWin32::WindowImplWin32(class sf::VideoMode,class sf::String const &,unsigned int,struct sf::ContextSettings const &)" (??0WindowImplWin32@priv@sf@@QEAA@VVideoMode@2@AEBVString@2@IAEBUContextSettings@2@@Z)
sfml-window-s.lib(WindowImplWin32.cpp.obj) : error LNK2019: unresolved external symbol __imp_ShowCursor referenced in function "public: virtual void __cdecl sf::priv::WindowImplWin32::setMouseCursorVisible(bool)" (?setMouseCursorVisible@WindowImplWin32@priv@sf@@UEAAX_N@Z)
sfml-window-s.lib(WindowImplWin32.cpp.obj) : error LNK2019: unresolved external symbol __imp_SetCursor referenced in function "private: void __cdecl sf::priv::WindowImplWin32::processEvent(unsigned int,unsigned __int64,__int64)" (?processEvent@WindowImplWin32@priv@sf@@AEAAXI_K_J@Z)
sfml-window-s.lib(WindowImplWin32.cpp.obj) : error LNK2019: unresolved external symbol __imp_ScreenToClient referenced in function "private: void __cdecl sf::priv::WindowImplWin32::processEvent(unsigned int,unsigned __int64,__int64)" (?processEvent@WindowImplWin32@priv@sf@@AEAAXI_K_J@Z)
sfml-window-s.lib(WindowImplWin32.cpp.obj) : error LNK2019: unresolved external symbol __imp_MapWindowPoints referenced in function "private: void __cdecl sf::priv::WindowImplWin32::grabCursor(bool)" (?grabCursor@WindowImplWin32@priv@sf@@AEAAX_N@Z)
sfml-window-s.lib(WindowImplWin32.cpp.obj) : error LNK2019: unresolved external symbol __imp_ClipCursor referenced in function "private: void __cdecl sf::priv::WindowImplWin32::grabCursor(bool)" (?grabCursor@WindowImplWin32@priv@sf@@AEAAX_N@Z)
sfml-window-s.lib(WindowImplWin32.cpp.obj) : error LNK2019: unresolved external symbol __imp_GetWindowLongW referenced in function "public: __cdecl sf::priv::WindowImplWin32::WindowImplWin32(class sf::VideoMode,class sf::String const &,unsigned int,struct sf::ContextSettings const &)" (??0WindowImplWin32@priv@sf@@QEAA@VVideoMode@2@AEBVString@2@IAEBUContextSettings@2@@Z)
sfml-window-s.lib(WindowImplWin32.cpp.obj) : error LNK2019: unresolved external symbol __imp_SetWindowLongW referenced in function "public: __cdecl sf::priv::WindowImplWin32::WindowImplWin32(class sf::VideoMode,class sf::String const &,unsigned int,struct sf::ContextSettings const &)" (??0WindowImplWin32@priv@sf@@QEAA@VVideoMode@2@AEBVString@2@IAEBUContextSettings@2@@Z)
sfml-window-s.lib(WindowImplWin32.cpp.obj) : error LNK2019: unresolved external symbol __imp_GetWindowLongPtrW referenced in function "private: static __int64 __cdecl sf::priv::WindowImplWin32::globalOnEvent(struct HWND__ *,unsigned int,unsigned __int64,__int64)" (?globalOnEvent@WindowImplWin32@priv@sf@@CA_JPEAUHWND__@@I_K_J@Z)
sfml-window-s.lib(WindowImplWin32.cpp.obj) : error LNK2019: unresolved external symbol __imp_SetWindowLongPtrW referenced in function "public: __cdecl sf::priv::WindowImplWin32::WindowImplWin32(struct HWND__ *)" (??0WindowImplWin32@priv@sf@@QEAA@PEAUHWND__@@@Z)
sfml-window-s.lib(WindowImplWin32.cpp.obj) : error LNK2019: unresolved external symbol __imp_GetWindowThreadProcessId referenced in function "public: virtual void __cdecl sf::priv::WindowImplWin32::requestFocus(void)" (?requestFocus@WindowImplWin32@priv@sf@@UEAAXXZ)
sfml-window-s.lib(WindowImplWin32.cpp.obj) : error LNK2019: unresolved external symbol __imp_CreateIcon referenced in function "public: virtual void __cdecl sf::priv::WindowImplWin32::setIcon(unsigned int,unsigned int,unsigned char const *)" (?setIcon@WindowImplWin32@priv@sf@@UEAAXIIPEBE@Z)
sfml-window-s.lib(WindowImplWin32.cpp.obj) : error LNK2019: unresolved external symbol __imp_DestroyIcon referenced in function "public: virtual __cdecl sf::priv::WindowImplWin32::~WindowImplWin32(void)" (??1WindowImplWin32@priv@sf@@UEAA@XZ)
sfml-window-s.lib(WindowImplWin32.cpp.obj) : error LNK2019: unresolved external symbol __imp_ChangeDisplaySettingsW referenced in function "public: __cdecl sf::priv::WindowImplWin32::WindowImplWin32(class sf::VideoMode,class sf::String const &,unsigned int,struct sf::ContextSettings const &)" (??0WindowImplWin32@priv@sf@@QEAA@VVideoMode@2@AEBVString@2@IAEBUContextSettings@2@@Z)
sfml-window-s.lib(JoystickImpl.cpp.obj) : error LNK2019: unresolved external symbol __imp_RegCloseKey referenced in function "class sf::String __cdecl `anonymous namespace'::getDeviceName(unsigned int,struct tagJOYCAPSW)" (?getDeviceName@?A0x8939b4a8@@YA?AVString@sf@@IUtagJOYCAPSW@@@Z)
sfml-window-s.lib(JoystickImpl.cpp.obj) : error LNK2019: unresolved external symbol __imp_RegOpenKeyExW referenced in function "class sf::String __cdecl `anonymous namespace'::getDeviceName(unsigned int,struct tagJOYCAPSW)" (?getDeviceName@?A0x8939b4a8@@YA?AVString@sf@@IUtagJOYCAPSW@@@Z)
sfml-window-s.lib(JoystickImpl.cpp.obj) : error LNK2019: unresolved external symbol __imp_RegQueryValueExW referenced in function "class sf::String __cdecl `anonymous namespace'::getDeviceName(unsigned int,struct tagJOYCAPSW)" (?getDeviceName@?A0x8939b4a8@@YA?AVString@sf@@IUtagJOYCAPSW@@@Z)
C:\Users\nino_\OneDrive\Documents\GitHub-Repository\GDINTAI-Repository\2D-Snake-Game\SFMLProject_1\x64\Debug\SFMLProject_1.exe : fatal error LNK1120: 50 unresolved externals
